[2013-08-13 10:45:20.536] [INFO] console - logger is initialized...
[2013-08-13 10:45:20.538] [INFO] console - create mongoPool is succ....
[2013-08-13 10:45:20.539] [INFO] console - Express server listening on port 3000
[2013-08-13 10:45:30.937] [DEBUG] filelog - timestamp:1376361930937,secrect:@!#$%^&dedrter
[2013-08-13 10:45:35.134] [INFO] console - connect mongodb!
[2013-08-13 10:45:35.140] [INFO] console - add session succ...
[2013-08-13 10:45:38.539] [INFO] console - has exit
[2013-08-13 10:45:38.539] [INFO] console - showen
[2013-08-13 10:45:38.820] [INFO] console - 921dd016c5a589c2ab6455b5b1406af8
[2013-08-13 10:50:04.695] [INFO] console - logger is initialized...
[2013-08-13 10:50:04.697] [INFO] console - create mongoPool is succ....
[2013-08-13 10:50:04.697] [INFO] console - Express server listening on port 3000
[2013-08-13 10:51:06.528] [INFO] console - logger is initialized...
[2013-08-13 10:51:06.531] [INFO] console - create mongoPool is succ....
[2013-08-13 10:51:06.531] [INFO] console - Express server listening on port 3000
[2013-08-13 10:51:13.983] [INFO] console - connect mongodb!
[2013-08-13 10:51:19.390] [DEBUG] filelog - timestamp:1376362279390,secrect:@!#$%^&dedrter
[2013-08-13 10:51:23.363] [INFO] console - connect mongodb!
[2013-08-13 10:51:23.367] [INFO] console - add session succ...
[2013-08-13 11:13:54.971] [INFO] console - logger is initialized...
[2013-08-13 11:13:54.974] [INFO] console - create mongoPool is succ....
[2013-08-13 11:13:54.974] [INFO] console - Express server listening on port 3000
[2013-08-13 11:16:42.043] [INFO] console - logger is initialized...
[2013-08-13 11:16:42.045] [INFO] console - create mongoPool is succ....
[2013-08-13 11:16:42.046] [INFO] console - Express server listening on port 3000
[2013-08-13 11:23:12.792] [INFO] console - logger is initialized...
[2013-08-13 11:23:12.795] [INFO] console - create mongoPool is succ....
[2013-08-13 11:23:12.796] [INFO] console - Express server listening on port 3000
[2013-08-13 11:23:31.354] [DEBUG] filelog - timestamp:1376364211354,secrect:@!#$%^&dedrter
[2013-08-13 11:23:35.715] [INFO] console - connect mongodb!
[2013-08-13 11:23:35.720] [INFO] console - add session succ...
[2013-08-13 11:23:58.511] [INFO] console - connect mongodb!
[2013-08-13 11:25:29.055] [INFO] console - logger is initialized...
[2013-08-13 11:25:29.057] [INFO] console - create mongoPool is succ....
[2013-08-13 11:25:29.058] [INFO] console - Express server listening on port 3000
[2013-08-13 11:25:36.719] [DEBUG] filelog - timestamp:1376364336719,secrect:@!#$%^&dedrter
[2013-08-13 11:25:54.469] [INFO] console - connect mongodb!
[2013-08-13 11:25:54.478] [INFO] console - add session succ...
[2013-08-13 11:25:57.150] [INFO] console - connect mongodb!
[2013-08-13 11:26:33.162] [INFO] console - connect mongodb!
[2013-08-13 12:55:50.412] [INFO] console - logger is initialized...
[2013-08-13 12:55:50.415] [INFO] console - create mongoPool is succ....
[2013-08-13 12:55:50.415] [INFO] console - Express server listening on port 3000
[2013-08-13 12:56:00.599] [INFO] console - connect mongodb!
[2013-08-13 12:56:33.753] [INFO] console - logger is initialized...
[2013-08-13 12:56:33.755] [INFO] console - create mongoPool is succ....
[2013-08-13 12:56:33.756] [INFO] console - Express server listening on port 3000
[2013-08-13 12:56:39.752] [INFO] console - connect mongodb!
[2013-08-13 12:57:33.555] [INFO] console - connect mongodb!
[2013-08-13 12:59:10.578] [INFO] console - logger is initialized...
[2013-08-13 12:59:10.581] [INFO] console - create mongoPool is succ....
[2013-08-13 12:59:10.581] [INFO] console - Express server listening on port 3000
[2013-08-13 12:59:40.932] [INFO] console - connect mongodb!
[2013-08-13 13:00:36.015] [INFO] console - connect mongodb!
[2013-08-13 13:03:08.941] [INFO] console - logger is initialized...
[2013-08-13 13:03:08.945] [INFO] console - create mongoPool is succ....
[2013-08-13 13:03:08.945] [INFO] console - Express server listening on port 3000
[2013-08-13 13:03:15.571] [INFO] console - connect mongodb!
[2013-08-13 13:03:49.982] [INFO] console - logger is initialized...
[2013-08-13 13:03:49.985] [INFO] console - create mongoPool is succ....
[2013-08-13 13:03:49.985] [INFO] console - Express server listening on port 3000
[2013-08-13 13:04:02.655] [INFO] console - connect mongodb!
[2013-08-13 13:05:37.316] [INFO] console - logger is initialized...
[2013-08-13 13:05:37.319] [INFO] console - create mongoPool is succ....
[2013-08-13 13:05:37.319] [INFO] console - Express server listening on port 3000
[2013-08-13 13:05:52.013] [INFO] console - connect mongodb!
[2013-08-13 13:07:04.255] [INFO] console - logger is initialized...
[2013-08-13 13:07:04.258] [INFO] console - create mongoPool is succ....
[2013-08-13 13:07:04.258] [INFO] console - Express server listening on port 3000
[2013-08-13 13:07:12.293] [INFO] console - connect mongodb!
[2013-08-13 13:07:12.580] [INFO] console - undefined
[2013-08-13 13:08:05.637] [INFO] console - logger is initialized...
[2013-08-13 13:08:05.640] [INFO] console - create mongoPool is succ....
[2013-08-13 13:08:05.641] [INFO] console - Express server listening on port 3000
[2013-08-13 13:08:13.650] [INFO] console - connect mongodb!
[2013-08-13 13:08:13.936] [INFO] console - undefined
[2013-08-13 13:20:01.152] [INFO] console - logger is initialized...
[2013-08-13 13:20:01.155] [INFO] console - create mongoPool is succ....
[2013-08-13 13:20:01.155] [INFO] console - Express server listening on port 3000
[2013-08-13 13:20:15.327] [INFO] console - connect mongodb!
[2013-08-13 13:25:53.659] [INFO] console - logger is initialized...
[2013-08-13 13:25:53.662] [INFO] console - create mongoPool is succ....
[2013-08-13 13:25:53.663] [INFO] console - Express server listening on port 3000
[2013-08-13 13:26:01.968] [INFO] console - connect mongodb!
[2013-08-13 13:26:02.268] [ERROR] filelog - Caught exception: Error: dsf
[2013-08-13 13:27:42.967] [INFO] console - logger is initialized...
[2013-08-13 13:27:42.971] [INFO] console - create mongoPool is succ....
[2013-08-13 13:27:42.971] [INFO] console - Express server listening on port 3000
[2013-08-13 13:27:49.973] [INFO] console - connect mongodb!
[2013-08-13 13:28:01.915] [ERROR] filelog - Caught exception: Error: dsf
[2013-08-13 13:29:42.149] [INFO] console - logger is initialized...
[2013-08-13 13:29:42.153] [INFO] console - create mongoPool is succ....
[2013-08-13 13:29:42.153] [INFO] console - Express server listening on port 3000
[2013-08-13 13:29:51.804] [INFO] console - connect mongodb!
[2013-08-13 13:30:00.851] [ERROR] filelog - Caught exception: Error: dsf
[2013-08-13 13:32:46.710] [INFO] console - logger is initialized...
[2013-08-13 13:32:46.713] [INFO] console - create mongoPool is succ....
[2013-08-13 13:32:46.713] [INFO] console - Express server listening on port 3000
[2013-08-13 13:32:56.552] [INFO] console - connect mongodb!
[2013-08-13 13:32:56.843] [ERROR] filelog - Caught exception: Error: dsf
[2013-08-13 13:33:51.953] [INFO] console - logger is initialized...
[2013-08-13 13:33:51.956] [INFO] console - create mongoPool is succ....
[2013-08-13 13:33:51.956] [INFO] console - Express server listening on port 3000
[2013-08-13 13:34:00.376] [INFO] console - connect mongodb!
[2013-08-13 13:34:00.662] [ERROR] filelog - Caught exception: Error: sdfsdf
[2013-08-13 13:35:20.557] [INFO] console - logger is initialized...
[2013-08-13 13:35:20.560] [INFO] console - create mongoPool is succ....
[2013-08-13 13:35:20.561] [INFO] console - Express server listening on port 3000
[2013-08-13 13:35:33.621] [INFO] console - connect mongodb!
[2013-08-13 13:35:33.911] [ERROR] filelog - Caught exception: Error: dsf
[2013-08-13 13:35:59.547] [ERROR] filelog - Caught exception: Error: dsf
[2013-08-13 19:47:21.441] [INFO] console - logger is initialized...
[2013-08-13 19:47:21.443] [INFO] console - create mongoPool is succ....
[2013-08-13 19:47:21.444] [INFO] console - Express server listening on port 3000
[2013-08-13 19:53:24.109] [INFO] console - logger is initialized...
[2013-08-13 19:53:24.112] [INFO] console - create mongoPool is succ....
[2013-08-13 19:53:24.113] [INFO] console - Express server listening on port 3000
